<?xml version="1.0" encoding="UTF-8"?>
<testsuite name="haxidenti.jargs.JArgsTest" tests="2" skipped="0" failures="0" errors="0" timestamp="2022-06-24T13:59:43" hostname="LAPTOP-OAC6VF74" time="0.02">
  <properties/>
  <testcase name="get()" classname="haxidenti.jargs.JArgsTest" time="0.018"/>
  <testcase name="first()" classname="haxidenti.jargs.JArgsTest" time="0.002"/>
  <system-out><![CDATA[]]></system-out>
  <system-err><![CDATA[]]></system-err>
</testsuite>
